  TCP_Server.cpp
  Please define _WIN32_WINNT or _WIN32_WINDOWS appropriately. For example:
  - add -D_WIN32_WINNT=0x0501 to the compiler command line; or
  - add _WIN32_WINNT=0x0501 to your project's Preprocessor Definitions.
  Assuming _WIN32_WINNT=0x0501 (i.e. Windows XP target).
c:\program files (x86)\microsoft visual studio 14.0\vc\include\xmemory(102): warning C4996: 'std::uninitialized_copy::_Unchecked_iterators::_Deprecate': Call to 'std::uninitialized_copy' with parameters that may be unsafe - this call relies on the caller to check that the passed values are correct. To disable this warning, use -D_SCL_SECURE_NO_WARNINGS. See documentation on how to use Visual C++ 'Checked Iterators'
  c:\program files (x86)\microsoft visual studio 14.0\vc\include\xmemory(102): note: 'std::uninitialized_copy::_Unchecked_iterators::_Deprecate' 선언을 참조하십시오.
  d:\boost_1_67_0\boost\signals2\detail\auto_buffer.hpp(191): note: 컴파일 중인 함수 템플릿 인스턴스화 '_FwdIt *std::uninitialized_copy<I,boost::variant<boost::shared_ptr<void>,boost::signals2::detail::foreign_void_shared_ptr,boost::detail::variant::void_,boost::detail::variant::void_,boost::detail::variant::void_,boost::detail::variant::void_,boost::detail::variant::void_,boost::detail::variant::void_,boost::detail::variant::void_,boost::detail::variant::void_,boost::detail::variant::void_,boost::detail::variant::void_,boost::detail::variant::void_,boost::detail::variant::void_,boost::detail::variant::void_,boost::detail::variant::void_,boost::detail::variant::void_,boost::detail::variant::void_,boost::detail::variant::void_,boost::detail::variant::void_>*>(_InIt,_InIt,_FwdIt)'에 대한 참조를 확인하십시오.
          with
          [
              _FwdIt=boost::variant<boost::shared_ptr<void>,boost::signals2::detail::foreign_void_shared_ptr,boost::detail::variant::void_,boost::detail::variant::void_,boost::detail::variant::void_,boost::detail::variant::void_,boost::detail::variant::void_,boost::detail::variant::void_,boost::detail::variant::void_,boost::detail::variant::void_,boost::detail::variant::void_,boost::detail::variant::void_,boost::detail::variant::void_,boost::detail::variant::void_,boost::detail::variant::void_,boost::detail::variant::void_,boost::detail::variant::void_,boost::detail::variant::void_,boost::detail::variant::void_,boost::detail::variant::void_> *,
              I=boost::variant<boost::shared_ptr<void>,boost::signals2::detail::foreign_void_shared_ptr,boost::detail::variant::void_,boost::detail::variant::void_,boost::detail::variant::void_,boost::detail::variant::void_,boost::detail::variant::void_,boost::detail::variant::void_,boost::detail::variant::void_,boost::detail::variant::void_,boost::detail::variant::void_,boost::detail::variant::void_,boost::detail::variant::void_,boost::detail::variant::void_,boost::detail::variant::void_,boost::detail::variant::void_,boost::detail::variant::void_,boost::detail::variant::void_,boost::detail::variant::void_,boost::detail::variant::void_> *,
              _InIt=boost::variant<boost::shared_ptr<void>,boost::signals2::detail::foreign_void_shared_ptr,boost::detail::variant::void_,boost::detail::variant::void_,boost::detail::variant::void_,boost::detail::variant::void_,boost::detail::variant::void_,boost::detail::variant::void_,boost::detail::variant::void_,boost::detail::variant::void_,boost::detail::variant::void_,boost::detail::variant::void_,boost::detail::variant::void_,boost::detail::variant::void_,boost::detail::variant::void_,boost::detail::variant::void_,boost::detail::variant::void_,boost::detail::variant::void_,boost::detail::variant::void_,boost::detail::variant::void_> *
          ]
  d:\boost_1_67_0\boost\signals2\detail\auto_buffer.hpp(178): note: 컴파일 중인 함수 템플릿 인스턴스화 'void boost::signals2::detail::auto_buffer<boost::signals2::detail::void_shared_ptr_variant,boost::signals2::detail::store_n_objects<10>,boost::signals2::detail::default_grow_policy,std::allocator<_Ty>>::copy_rai<I,false>(I,I,boost::variant<boost::shared_ptr<void>,boost::signals2::detail::foreign_void_shared_ptr,boost::detail::variant::void_,boost::detail::variant::void_,boost::detail::variant::void_,boost::detail::variant::void_,boost::detail::variant::void_,boost::detail::variant::void_,boost::detail::variant::void_,boost::detail::variant::void_,boost::detail::variant::void_,boost::detail::variant::void_,boost::detail::variant::void_,boost::detail::variant::void_,boost::detail::variant::void_,boost::detail::variant::void_,boost::detail::variant::void_,boost::detail::variant::void_,boost::detail::variant::void_,boost::detail::variant::void_> *,const boost::integral_constant<bool,false> &)'에 대한 참조를 확인하십시오.
          with
          [
              _Ty=boost::signals2::detail::void_shared_ptr_variant,
              I=boost::variant<boost::shared_ptr<void>,boost::signals2::detail::foreign_void_shared_ptr,boost::detail::variant::void_,boost::detail::variant::void_,boost::detail::variant::void_,boost::detail::variant::void_,boost::detail::variant::void_,boost::detail::variant::void_,boost::detail::variant::void_,boost::detail::variant::void_,boost::detail::variant::void_,boost::detail::variant::void_,boost::detail::variant::void_,boost::detail::variant::void_,boost::detail::variant::void_,boost::detail::variant::void_,boost::detail::variant::void_,boost::detail::variant::void_,boost::detail::variant::void_,boost::detail::variant::void_> *
          ]
  d:\boost_1_67_0\boost\signals2\detail\auto_buffer.hpp(178): note: 컴파일 중인 함수 템플릿 인스턴스화 'void boost::signals2::detail::auto_buffer<boost::signals2::detail::void_shared_ptr_variant,boost::signals2::detail::store_n_objects<10>,boost::signals2::detail::default_grow_policy,std::allocator<_Ty>>::copy_rai<I,false>(I,I,boost::variant<boost::shared_ptr<void>,boost::signals2::detail::foreign_void_shared_ptr,boost::detail::variant::void_,boost::detail::variant::void_,boost::detail::variant::void_,boost::detail::variant::void_,boost::detail::variant::void_,boost::detail::variant::void_,boost::detail::variant::void_,boost::detail::variant::void_,boost::detail::variant::void_,boost::detail::variant::void_,boost::detail::variant::void_,boost::detail::variant::void_,boost::detail::variant::void_,boost::detail::variant::void_,boost::detail::variant::void_,boost::detail::variant::void_,boost::detail::variant::void_,boost::detail::variant::void_> *,const boost::integral_constant<bool,false> &)'에 대한 참조를 확인하십시오.
          with
          [
              _Ty=boost::signals2::detail::void_shared_ptr_variant,
              I=boost::variant<boost::shared_ptr<void>,boost::signals2::detail::foreign_void_shared_ptr,boost::detail::variant::void_,boost::detail::variant::void_,boost::detail::variant::void_,boost::detail::variant::void_,boost::detail::variant::void_,boost::detail::variant::void_,boost::detail::variant::void_,boost::detail::variant::void_,boost::detail::variant::void_,boost::detail::variant::void_,boost::detail::variant::void_,boost::detail::variant::void_,boost::detail::variant::void_,boost::detail::variant::void_,boost::detail::variant::void_,boost::detail::variant::void_,boost::detail::variant::void_,boost::detail::variant::void_> *
          ]
  d:\boost_1_67_0\boost\signals2\detail\auto_buffer.hpp(204): note: 컴파일 중인 함수 템플릿 인스턴스화 'void boost::signals2::detail::auto_buffer<boost::signals2::detail::void_shared_ptr_variant,boost::signals2::detail::store_n_objects<10>,boost::signals2::detail::default_grow_policy,std::allocator<_Ty>>::copy_impl<I>(I,I,boost::variant<boost::shared_ptr<void>,boost::signals2::detail::foreign_void_shared_ptr,boost::detail::variant::void_,boost::detail::variant::void_,boost::detail::variant::void_,boost::detail::variant::void_,boost::detail::variant::void_,boost::detail::variant::void_,boost::detail::variant::void_,boost::detail::variant::void_,boost::detail::variant::void_,boost::detail::variant::void_,boost::detail::variant::void_,boost::detail::variant::void_,boost::detail::variant::void_,boost::detail::variant::void_,boost::detail::variant::void_,boost::detail::variant::void_,boost::detail::variant::void_,boost::detail::variant::void_> *,std::random_access_iterator_tag)'에 대한 참조를 확인하십시오.
          with
          [
              _Ty=boost::signals2::detail::void_shared_ptr_variant,
              I=boost::variant<boost::shared_ptr<void>,boost::signals2::detail::foreign_void_shared_ptr,boost::detail::variant::void_,boost::detail::variant::void_,boost::detail::variant::void_,boost::detail::variant::void_,boost::detail::variant::void_,boost::detail::variant::void_,boost::detail::variant::void_,boost::detail::variant::void_,boost::detail::variant::void_,boost::detail::variant::void_,boost::detail::variant::void_,boost::detail::variant::void_,boost::detail::variant::void_,boost::detail::variant::void_,boost::detail::variant::void_,boost::detail::variant::void_,boost::detail::variant::void_,boost::detail::variant::void_> *
          ]
  d:\boost_1_67_0\boost\signals2\detail\auto_buffer.hpp(203): note: 컴파일 중인 함수 템플릿 인스턴스화 'void boost::signals2::detail::auto_buffer<boost::signals2::detail::void_shared_ptr_variant,boost::signals2::detail::store_n_objects<10>,boost::signals2::detail::default_grow_policy,std::allocator<_Ty>>::copy_impl<I>(I,I,boost::variant<boost::shared_ptr<void>,boost::signals2::detail::foreign_void_shared_ptr,boost::detail::variant::void_,boost::detail::variant::void_,boost::detail::variant::void_,boost::detail::variant::void_,boost::detail::variant::void_,boost::detail::variant::void_,boost::detail::variant::void_,boost::detail::variant::void_,boost::detail::variant::void_,boost::detail::variant::void_,boost::detail::variant::void_,boost::detail::variant::void_,boost::detail::variant::void_,boost::detail::variant::void_,boost::detail::variant::void_,boost::detail::variant::void_,boost::detail::variant::void_,boost::detail::variant::void_> *,std::random_access_iterator_tag)'에 대한 참조를 확인하십시오.
          with
          [
              _Ty=boost::signals2::detail::void_shared_ptr_variant,
              I=boost::variant<boost::shared_ptr<void>,boost::signals2::detail::foreign_void_shared_ptr,boost::detail::variant::void_,boost::detail::variant::void_,boost::detail::variant::void_,boost::detail::variant::void_,boost::detail::variant::void_,boost::detail::variant::void_,boost::detail::variant::void_,boost::detail::variant::void_,boost::detail::variant::void_,boost::detail::variant::void_,boost::detail::variant::void_,boost::detail::variant::void_,boost::detail::variant::void_,boost::detail::variant::void_,boost::detail::variant::void_,boost::detail::variant::void_,boost::detail::variant::void_,boost::detail::variant::void_> *
          ]
  d:\boost_1_67_0\boost\signals2\detail\auto_buffer.hpp(296): note: 컴파일 중인 함수 템플릿 인스턴스화 'void boost::signals2::detail::auto_buffer<boost::signals2::detail::void_shared_ptr_variant,boost::signals2::detail::store_n_objects<10>,boost::signals2::detail::default_grow_policy,std::allocator<_Ty>>::copy_impl<boost::variant<boost::shared_ptr<void>,boost::signals2::detail::foreign_void_shared_ptr,boost::detail::variant::void_,boost::detail::variant::void_,boost::detail::variant::void_,boost::detail::variant::void_,boost::detail::variant::void_,boost::detail::variant::void_,boost::detail::variant::void_,boost::detail::variant::void_,boost::detail::variant::void_,boost::detail::variant::void_,boost::detail::variant::void_,boost::detail::variant::void_,boost::detail::variant::void_,boost::detail::variant::void_,boost::detail::variant::void_,boost::detail::variant::void_,boost::detail::variant::void_,boost::detail::variant::void_>*>(I,I,boost::variant<boost::shared_ptr<void>,boost::signals2::detail::foreign_void_shared_ptr,boost::detail::variant::void_,boost::detail::variant::void_,boost::detail::variant::void_,boost::detail::variant::void_,boost::detail::variant::void_,boost::detail::variant::void_,boost::detail::variant::void_,boost::detail::variant::void_,boost::detail::variant::void_,boost::detail::variant::void_,boost::detail::variant::void_,boost::detail::variant::void_,boost::detail::variant::void_,boost::detail::variant::void_,boost::detail::variant::void_,boost::detail::variant::void_,boost::detail::variant::void_,boost::detail::variant::void_> *)'에 대한 참조를 확인하십시오.
          with
          [
              _Ty=boost::signals2::detail::void_shared_ptr_variant,
              I=boost::variant<boost::shared_ptr<void>,boost::signals2::detail::foreign_void_shared_ptr,boost::detail::variant::void_,boost::detail::variant::void_,boost::detail::variant::void_,boost::detail::variant::void_,boost::detail::variant::void_,boost::detail::variant::void_,boost::detail::variant::void_,boost::detail::variant::void_,boost::detail::variant::void_,boost::detail::variant::void_,boost::detail::variant::void_,boost::detail::variant::void_,boost::detail::variant::void_,boost::detail::variant::void_,boost::detail::variant::void_,boost::detail::variant::void_,boost::detail::variant::void_,boost::detail::variant::void_> *
          ]
  d:\boost_1_67_0\boost\signals2\detail\auto_buffer.hpp(296): note: 컴파일 중인 함수 템플릿 인스턴스화 'void boost::signals2::detail::auto_buffer<boost::signals2::detail::void_shared_ptr_variant,boost::signals2::detail::store_n_objects<10>,boost::signals2::detail::default_grow_policy,std::allocator<_Ty>>::copy_impl<boost::variant<boost::shared_ptr<void>,boost::signals2::detail::foreign_void_shared_ptr,boost::detail::variant::void_,boost::detail::variant::void_,boost::detail::variant::void_,boost::detail::variant::void_,boost::detail::variant::void_,boost::detail::variant::void_,boost::detail::variant::void_,boost::detail::variant::void_,boost::detail::variant::void_,boost::detail::variant::void_,boost::detail::variant::void_,boost::detail::variant::void_,boost::detail::variant::void_,boost::detail::variant::void_,boost::detail::variant::void_,boost::detail::variant::void_,boost::detail::variant::void_,boost::detail::variant::void_>*>(I,I,boost::variant<boost::shared_ptr<void>,boost::signals2::detail::foreign_void_shared_ptr,boost::detail::variant::void_,boost::detail::variant::void_,boost::detail::variant::void_,boost::detail::variant::void_,boost::detail::variant::void_,boost::detail::variant::void_,boost::detail::variant::void_,boost::detail::variant::void_,boost::detail::variant::void_,boost::detail::variant::void_,boost::detail::variant::void_,boost::detail::variant::void_,boost::detail::variant::void_,boost::detail::variant::void_,boost::detail::variant::void_,boost::detail::variant::void_,boost::detail::variant::void_,boost::detail::variant::void_> *)'에 대한 참조를 확인하십시오.
          with
          [
              _Ty=boost::signals2::detail::void_shared_ptr_variant,
              I=boost::variant<boost::shared_ptr<void>,boost::signals2::detail::foreign_void_shared_ptr,boost::detail::variant::void_,boost::detail::variant::void_,boost::detail::variant::void_,boost::detail::variant::void_,boost::detail::variant::void_,boost::detail::variant::void_,boost::detail::variant::void_,boost::detail::variant::void_,boost::detail::variant::void_,boost::detail::variant::void_,boost::detail::variant::void_,boost::detail::variant::void_,boost::detail::variant::void_,boost::detail::variant::void_,boost::detail::variant::void_,boost::detail::variant::void_,boost::detail::variant::void_,boost::detail::variant::void_> *
          ]
  d:\boost_1_67_0\boost\signals2\detail\auto_buffer.hpp(289): note: 클래스 템플릿 멤버 함수 'boost::variant<boost::shared_ptr<void>,boost::signals2::detail::foreign_void_shared_ptr,boost::detail::variant::void_,boost::detail::variant::void_,boost::detail::variant::void_,boost::detail::variant::void_,boost::detail::variant::void_,boost::detail::variant::void_,boost::detail::variant::void_,boost::detail::variant::void_,boost::detail::variant::void_,boost::detail::variant::void_,boost::detail::variant::void_,boost::detail::variant::void_,boost::detail::variant::void_,boost::detail::variant::void_,boost::detail::variant::void_,boost::detail::variant::void_,boost::detail::variant::void_,boost::detail::variant::void_> *boost::signals2::detail::auto_buffer<boost::signals2::detail::void_shared_ptr_variant,boost::signals2::detail::store_n_objects<10>,boost::signals2::detail::default_grow_policy,std::allocator<_Ty>>::move_to_new_buffer(unsigned int,const boost::false_type &)'을(를) 컴파일하고 있습니다.
          with
          [
              _Ty=boost::signals2::detail::void_shared_ptr_variant
          ]
  d:\boost_1_67_0\boost\signals2\detail\auto_buffer.hpp(310): note: 컴파일 중인 함수 템플릿 인스턴스화 'boost::variant<boost::shared_ptr<void>,boost::signals2::detail::foreign_void_shared_ptr,boost::detail::variant::void_,boost::detail::variant::void_,boost::detail::variant::void_,boost::detail::variant::void_,boost::detail::variant::void_,boost::detail::variant::void_,boost::detail::variant::void_,boost::detail::variant::void_,boost::detail::variant::void_,boost::detail::variant::void_,boost::detail::variant::void_,boost::detail::variant::void_,boost::detail::variant::void_,boost::detail::variant::void_,boost::detail::variant::void_,boost::detail::variant::void_,boost::detail::variant::void_,boost::detail::variant::void_> *boost::signals2::detail::auto_buffer<boost::signals2::detail::void_shared_ptr_variant,boost::signals2::detail::store_n_objects<10>,boost::signals2::detail::default_grow_policy,std::allocator<_Ty>>::move_to_new_buffer(unsigned int,const boost::false_type &)'에 대한 참조를 확인하십시오.
          with
          [
              _Ty=boost::signals2::detail::void_shared_ptr_variant
          ]
  d:\boost_1_67_0\boost\signals2\detail\slot_call_iterator.hpp(65): note: 컴파일 중인 클래스 템플릿 인스턴스화 'boost::signals2::detail::auto_buffer<boost::signals2::detail::void_shared_ptr_variant,boost::signals2::detail::store_n_objects<10>,boost::signals2::detail::default_grow_policy,std::allocator<_Ty>>'에 대한 참조를 확인하십시오.
          with
          [
              _Ty=boost::signals2::detail::void_shared_ptr_variant
          ]
  d:\boost_1_67_0\boost\signals2\detail\slot_call_iterator.hpp(70): note: 컴파일 중인 클래스 템플릿 인스턴스화 'boost::signals2::detail::slot_call_iterator_cache<ResultType,Function>'에 대한 참조를 확인하십시오.
  d:\boost_1_67_0\boost\asio\use_future.hpp(138): note: 컴파일 중인 클래스 템플릿 인스턴스화 'boost::asio::use_future_t<std::allocator<void>>::std_allocator_void'에 대한 참조를 확인하십시오.
  d:\boost_1_67_0\boost\asio\use_future.hpp(146): note: 컴파일 중인 클래스 템플릿 인스턴스화 'boost::asio::use_future_t<std::allocator<void>>'에 대한 참조를 확인하십시오.
  d:\boost_1_67_0\boost\bind\placeholders.hpp(54): note: 컴파일 중인 클래스 템플릿 인스턴스화 'boost::arg<9>'에 대한 참조를 확인하십시오.
  d:\boost_1_67_0\boost\bind\placeholders.hpp(53): note: 컴파일 중인 클래스 템플릿 인스턴스화 'boost::arg<8>'에 대한 참조를 확인하십시오.
  d:\boost_1_67_0\boost\bind\placeholders.hpp(52): note: 컴파일 중인 클래스 템플릿 인스턴스화 'boost::arg<7>'에 대한 참조를 확인하십시오.
  d:\boost_1_67_0\boost\bind\placeholders.hpp(51): note: 컴파일 중인 클래스 템플릿 인스턴스화 'boost::arg<6>'에 대한 참조를 확인하십시오.
  d:\boost_1_67_0\boost\bind\placeholders.hpp(50): note: 컴파일 중인 클래스 템플릿 인스턴스화 'boost::arg<5>'에 대한 참조를 확인하십시오.
  d:\boost_1_67_0\boost\bind\placeholders.hpp(49): note: 컴파일 중인 클래스 템플릿 인스턴스화 'boost::arg<4>'에 대한 참조를 확인하십시오.
  d:\boost_1_67_0\boost\bind\placeholders.hpp(48): note: 컴파일 중인 클래스 템플릿 인스턴스화 'boost::arg<3>'에 대한 참조를 확인하십시오.
  d:\boost_1_67_0\boost\bind\placeholders.hpp(47): note: 컴파일 중인 클래스 템플릿 인스턴스화 'boost::arg<2>'에 대한 참조를 확인하십시오.
  d:\boost_1_67_0\boost\bind\placeholders.hpp(46): note: 컴파일 중인 클래스 템플릿 인스턴스화 'boost::arg<1>'에 대한 참조를 확인하십시오.
  BAMServer.vcxproj -> C:\Users\USER\Desktop\Study\BAM\BAMServer\Debug\BAMServer.exe
  BAMServer.vcxproj -> C:\Users\USER\Desktop\Study\BAM\BAMServer\Debug\BAMServer.pdb (Full PDB)
